<?xml version="1.0" encoding="UTF-8"?>
<testng-results skipped="0" failed="0" ignored="0" total="1" passed="1">
  <reporter-output>
  </reporter-output>
  <suite name="Default suite" duration-ms="42022" started-at="2023-01-13T12:13:38 IST" finished-at="2023-01-13T12:14:20 IST">
    <groups>
    </groups>
    <test name="Default test" duration-ms="42022" started-at="2023-01-13T12:13:38 IST" finished-at="2023-01-13T12:14:20 IST">
      <class name="TravelCalendar.calendarTravel.CalendarDatePick">
        <test-method status="PASS" signature="getDate()[pri:0, instance:TravelCalendar.calendarTravel.CalendarDatePick@7a3d45bd]" name="getDate" duration-ms="41849" started-at="2023-01-13T12:13:38 IST" finished-at="2023-01-13T12:14:20 IST">
          <reporter-output>
          </reporter-output>
        </test-method> <!-- getDate -->
      </class> <!-- TravelCalendar.calendarTravel.CalendarDatePick -->
    </test> <!-- Default test -->
  </suite> <!-- Default suite -->
</testng-results>
